<?xml version="1.0" encoding="UTF-8"?>
<testsuite name="ru.stqa.javaLearn.sandbox.PointTests" tests="2" skipped="0" failures="0" errors="0" timestamp="2020-03-26T14:59:58" hostname="FLYINKILLA-PC" time="0.113">
  <properties/>
  <testcase name="testDistance" classname="ru.stqa.javaLearn.sandbox.PointTests" time="0.047"/>
  <testcase name="testDistanceDataType" classname="ru.stqa.javaLearn.sandbox.PointTests" time="0.016"/>
  <system-out><![CDATA[]]></system-out>
  <system-err><![CDATA[]]></system-err>
</testsuite>
